<?xml version="1.0" encoding="UTF-8"?>
<!-- Generated by org.testng.reporters.JUnitXMLReporter -->
<testsuite hostname="Mainuddin-PC" failures="0" tests="3" name="WeeklyBuild" time="0.013" errors="0" timestamp="23 Sep 2022 04:04:04 GMT">
  <testcase classname="com.automationblog.qa.LoginTest.MetaGroup" name="Test11" time="0.002"/>
  <testcase classname="com.automationblog.qa.LoginTest.MetaGroup" name="Test12" time="0.001"/>
  <testcase classname="com.automationblog.qa.LoginTest.MetaGroup" name="Test13" time="0.002"/>
</testsuite> <!-- WeeklyBuild -->
