<?xml version="1.0" encoding="UTF-8"?>
<!-- Generated by org.testng.reporters.JUnitXMLReporter -->
<testsuite hostname="Mainuddin-PC" failures="0" tests="2" name="BlogProject Test" time="45.642" errors="0" timestamp="26 Aug 2022 06:59:38 GMT">
  <testcase classname="com.automationblog.qa.LoginTest.TestBlogPage" name="BlogPageTest" time="1.095"/>
  <testcase classname="com.automationblog.qa.LoginTest.XlsDataProvider" name="dataproviders" time="2.764"/>
</testsuite> <!-- BlogProject Test -->
