<?xml version="1.0" encoding="UTF-8"?>
<!-- Generated by org.testng.reporters.JUnitXMLReporter -->
<testsuite hostname="Mainuddin-PC" failures="0" tests="4" name="Listener Test" time="0.128" errors="0" timestamp="16 Nov 2022 05:42:23 GMT">
  <testcase classname="com.automationblog.qa.LoginTest.MetaGroup" name="Test11" time="0.05"/>
  <testcase classname="com.automationblog.qa.LoginTest.MetaGroup" name="Test12" time="0.005"/>
  <testcase classname="com.automationblog.qa.LoginTest.MetaGroup" name="Test13" time="0.003"/>
  <testcase classname="com.automationblog.qa.LoginTest.MetaGroup" name="Test14" time="0.004"/>
</testsuite> <!-- Listener Test -->
