<?xml version="1.0" encoding="UTF-8"?>
<testng-results total="1" passed="1" failed="0" skipped="0">
  <reporter-output>
  </reporter-output>
  <suite started-at="2022-09-25T05:38:43Z" name="Default suite" finished-at="2022-09-25T05:38:43Z" duration-ms="74">
    <groups>
    </groups>
    <test started-at="2022-09-25T05:38:43Z" name="Default test" finished-at="2022-09-25T05:38:43Z" duration-ms="74">
      <class name="com.automationblog.qa.LoginTest.DataPassingTestNG">
        <test-method signature="f(java.util.HashMap, java.util.ArrayList)[pri:0, instance:com.automationblog.qa.LoginTest.DataPassingTestNG@d8f54a]" started-at="2022-09-25T11:08:43Z" name="f" data-provider="datapassing" finished-at="2022-09-25T11:08:43Z" duration-ms="33" status="PASS">
          <params>
            <param index="0">
              <value>
                <![CDATA[{1=Mainuddin, 2=M, 3=Sarwad}]]>
              </value>
            </param>
            <param index="1">
              <value>
                <![CDATA[[1, 2, 3, 4, 5, 6]]]>
              </value>
            </param>
          </params>
          <reporter-output>
          </reporter-output>
        </test-method> <!-- f -->
      </class> <!-- com.automationblog.qa.LoginTest.DataPassingTestNG -->
    </test> <!-- Default test -->
  </suite> <!-- Default suite -->
</testng-results>
