<?xml version="1.0" encoding="UTF-8"?>
<!-- Generated by org.testng.reporters.JUnitXMLReporter -->
<testsuite hostname="Mainuddin-PC" failures="1" tests="3" name="Test1" time="0.105" errors="0" timestamp="14 Oct 2022 03:35:10 GMT">
  <testcase classname="com.automationblog.qa.LoginTest.GroupsTest" name="test1" time="0.042"/>
  <testcase classname="com.automationblog.qa.LoginTest.GroupsTest" name="test4" time="0.003"/>
  <testcase classname="com.automationblog.qa.LoginTest.JsExecutor" name="jsTest" time="0.007">
    <failure type="java.lang.NullPointerException" message="Cannot invoke &amp;quot;org.openqa.selenium.WebDriver.manage()&amp;quot; because &amp;quot;this.driver&amp;quot; is null">
      <![CDATA[java.lang.NullPointerException: Cannot invoke "org.openqa.selenium.WebDriver.manage()" because "this.driver" is null
	at com.automationblog.qa.LoginTest.JsExecutor.jsTest(JsExecutor.java:19)
	at java.base/java.util.concurrent.FutureTask.run(FutureTask.java:264)
	at java.base/java.util.concurrent.ThreadPoolExecutor.runWorker(ThreadPoolExecutor.java:1136)
	at java.base/java.util.concurrent.ThreadPoolExecutor$Worker.run(ThreadPoolExecutor.java:635)
	at java.base/java.lang.Thread.run(Thread.java:833)
... Removed 14 stack frames]]>
    </failure>
  </testcase> <!-- jsTest -->
</testsuite> <!-- Test1 -->
