<?xml version="1.0" encoding="UTF-8"?>
<!-- Generated by org.testng.reporters.JUnitXMLReporter -->
<testsuite hostname="Mainuddin-PC" failures="1" tests="4" name="Test2" time="0.368" errors="0" timestamp="14 Oct 2022 03:35:10 GMT">
  <testcase classname="com.automationblog.qa.LoginTest.MetaGroup" name="Test11" time="0.042"/>
  <testcase classname="com.automationblog.qa.LoginTest.MetaGroup" name="Test12" time="0.004"/>
  <testcase classname="com.automationblog.qa.LoginTest.MetaGroup" name="Test14" time="0.003"/>
  <testcase classname="com.automationblog.qa.LoginTest.TestBlogPage" name="BlogPageTest" time="0.26">
    <failure type="java.lang.NullPointerException" message="Cannot invoke &amp;quot;org.openqa.selenium.WebDriver.manage()&amp;quot; because &amp;quot;this.driver&amp;quot; is null">
      <![CDATA[java.lang.NullPointerException: Cannot invoke "org.openqa.selenium.WebDriver.manage()" because "this.driver" is null
	at com.automationblog.qa.LoginTest.TestBlogPage.BlogPageTest(TestBlogPage.java:22)
	at java.base/java.util.concurrent.FutureTask.run(FutureTask.java:264)
	at java.base/java.util.concurrent.ThreadPoolExecutor.runWorker(ThreadPoolExecutor.java:1136)
	at java.base/java.util.concurrent.ThreadPoolExecutor$Worker.run(ThreadPoolExecutor.java:635)
	at java.base/java.lang.Thread.run(Thread.java:833)
... Removed 14 stack frames]]>
    </failure>
  </testcase> <!-- BlogPageTest -->
</testsuite> <!-- Test2 -->
